<?xml version="1.0" encoding="UTF-8"?>
<!-- Generated by org.testng.reporters.JUnitReportReporter -->
<testsuite hostname="sudhanshu" name="com.bits4Testing.test.SDETDefinition" tests="1" failures="0" timestamp="11 Dec 2020 11:00:00 GMT" time="3.797" errors="0">
  <testcase name="apiBasicTerminologies" time="3.797" classname="com.bits4Testing.test.SDETDefinition"/>
</testsuite> <!-- com.bits4Testing.test.SDETDefinition -->
