<?xml version="1.0" encoding="UTF-8"?>
<!-- Generated by org.testng.reporters.JUnitReportReporter -->
<testsuite hostname="sudhanshu" name="com.bits4Testing.test.BugLifeCycle" tests="1" failures="0" timestamp="11 Dec 2020 11:00:00 GMT" time="4.667" errors="0">
  <testcase name="apiBasicTerminologies" time="4.667" classname="com.bits4Testing.test.BugLifeCycle"/>
</testsuite> <!-- com.bits4Testing.test.BugLifeCycle -->
