<?xml version="1.0" encoding="UTF-8"?>
<!-- Generated by org.testng.reporters.JUnitReportReporter -->
<testsuite hostname="sudhanshu" name="com.bits4Testing.test.RegressionTesting" tests="1" failures="0" timestamp="11 Dec 2020 11:00:00 GMT" time="2.479" errors="0">
  <testcase name="apiBasicTerminologies" time="2.479" classname="com.bits4Testing.test.RegressionTesting"/>
</testsuite> <!-- com.bits4Testing.test.RegressionTesting -->
