<?xml version="1.0" encoding="UTF-8"?>
<!-- Generated by org.testng.reporters.JUnitReportReporter -->
<testsuite hostname="sudhanshu" name="com.bits4Testing.test.Functionaltesting" tests="1" failures="0" timestamp="11 Dec 2020 11:00:00 GMT" time="4.906" errors="0">
  <testcase name="functionalResting" time="4.906" classname="com.bits4Testing.test.Functionaltesting"/>
</testsuite> <!-- com.bits4Testing.test.Functionaltesting -->
