<?xml version="1.0" encoding="UTF-8"?>
<!-- Generated by org.testng.reporters.JUnitReportReporter -->
<testsuite hostname="sudhanshu" name="com.bits4Testing.test.ManualTesting" tests="1" failures="0" timestamp="11 Dec 2020 11:00:00 GMT" time="5.619" errors="0">
  <testcase name="apiBasicTerminologies" time="5.619" classname="com.bits4Testing.test.ManualTesting"/>
</testsuite> <!-- com.bits4Testing.test.ManualTesting -->
